Build started 16.12.2020 9:20:00.
     1>Project "C:\!p,l\Прога\проги с++\ConsoleApplication1\ConsoleApplication1\ConsoleApplication1.vcxproj" on node 2 (Build target(s)).
     1>ClCompile:
         C:\Program Files (x86)\VC\bin\CL.exe /c /ZI /nologo /W3 /WX- /Od /Oy- /D WIN32 /D _DEBUG /D _CONSOLE /D _UNICODE /D UNICODE /Gm /EHsc /RTC1 /MDd /GS /fp:precise /Zc:wchar_t /Zc:forScope /Fo"Debug\\" /Fd"Debug\vc110.pdb" /Gd /TP /analyze- /errorReport:prompt PleaseWork.cpp
         PleaseWork.cpp
     1>c:\!p,l\прога\проги с++\consoleapplication1\consoleapplication1\pleasework.cpp(9): error C2470: 'main' : looks like a function definition, but there is no parameter list; skipping apparent body
     1>Done Building Project "C:\!p,l\Прога\проги с++\ConsoleApplication1\ConsoleApplication1\ConsoleApplication1.vcxproj" (Build target(s)) -- FAILED.

Build FAILED.

Time Elapsed 00:00:02.43
